2023.05.10 12:20:42 INFO  ce[][o.s.p.ProcessEntryPoint] Starting Compute Engine
2023.05.10 12:20:42 INFO  ce[][o.s.ce.app.CeServer] Compute Engine starting up...
2023.05.10 12:20:43 INFO  ce[][o.sonar.db.Database] Create JDBC data source for jdbc:h2:tcp://127.0.0.1:9092/sonar;NON_KEYWORDS=VALUE
2023.05.10 12:20:43 INFO  ce[][c.z.h.HikariDataSource] HikariPool-1 - Starting...
2023.05.10 12:20:43 INFO  ce[][c.z.h.p.HikariPool] HikariPool-1 - Added connection conn0: url=jdbc:h2:tcp://127.0.0.1:9092/sonar user=
2023.05.10 12:20:43 INFO  ce[][c.z.h.HikariDataSource] HikariPool-1 - Start completed.
2023.05.10 12:20:43 WARN  ce[][o.s.db.dialect.H2] H2 database should be used for evaluation purpose only.
2023.05.10 12:20:44 INFO  ce[][o.s.s.p.ServerFileSystemImpl] SonarQube home: D:\Users\loant\S4\TD\Eco-conception Web\sonarqube-10.0.0.68432
2023.05.10 12:20:45 INFO  ce[][o.s.c.c.CePluginRepository] Load plugins
2023.05.10 12:20:48 INFO  ce[][o.s.c.c.ComputeEngineContainerImpl] Running Community edition
2023.05.10 12:20:48 INFO  ce[][o.s.ce.app.CeServer] Compute Engine is started
2023.05.10 12:41:55 INFO  ce[][o.s.c.t.CeWorkerImpl] Execute task | project=money | type=REPORT | id=AYgFQNQjvxR_Do3c46Ca | submitter=admin
2023.05.10 12:41:56 INFO  ce[AYgFQNQjvxR_Do3c46Ca][o.s.c.t.s.ComputationStepExecutor] Extract report | status=SUCCESS | time=178ms
2023.05.10 12:41:57 INFO  ce[AYgFQNQjvxR_Do3c46Ca][o.s.c.t.s.ComputationStepExecutor] Persist scanner context | status=SUCCESS | time=44ms
2023.05.10 12:41:57 INFO  ce[AYgFQNQjvxR_Do3c46Ca][o.s.c.t.s.ComputationStepExecutor] Propagate analysis warnings from scanner report | status=SUCCESS | time=76ms
2023.05.10 12:41:57 INFO  ce[AYgFQNQjvxR_Do3c46Ca][o.s.c.t.s.ComputationStepExecutor] Generate analysis UUID | status=SUCCESS | time=0ms
2023.05.10 12:41:57 INFO  ce[AYgFQNQjvxR_Do3c46Ca][o.s.c.t.s.ComputationStepExecutor] Load analysis metadata | status=SUCCESS | time=208ms
2023.05.10 12:41:57 INFO  ce[AYgFQNQjvxR_Do3c46Ca][o.s.c.t.s.ComputationStepExecutor] Initialize | status=SUCCESS | time=0ms
2023.05.10 12:41:57 INFO  ce[AYgFQNQjvxR_Do3c46Ca][o.s.c.t.s.ComputationStepExecutor] Build tree of components | components=12 | status=SUCCESS | time=184ms
2023.05.10 12:41:57 INFO  ce[AYgFQNQjvxR_Do3c46Ca][o.s.c.t.s.ComputationStepExecutor] Validate project | status=SUCCESS | time=7ms
2023.05.10 12:41:57 INFO  ce[AYgFQNQjvxR_Do3c46Ca][o.s.s.e.EsClientProvider] Connected to local Elasticsearch: [http://127.0.0.1:9001]
2023.05.10 12:42:02 INFO  ce[AYgFQNQjvxR_Do3c46Ca][o.s.c.t.s.ComputationStepExecutor] Load quality profiles | status=SUCCESS | time=3709ms
2023.05.10 12:42:02 INFO  ce[AYgFQNQjvxR_Do3c46Ca][o.s.c.t.s.ComputationStepExecutor] Load file hashes and statuses | status=SUCCESS | time=5ms
2023.05.10 12:42:02 INFO  ce[AYgFQNQjvxR_Do3c46Ca][o.s.c.t.s.ComputationStepExecutor] Load Quality gate | status=SUCCESS | time=16ms
2023.05.10 12:42:02 INFO  ce[AYgFQNQjvxR_Do3c46Ca][o.s.c.t.s.ComputationStepExecutor] Load new code period | status=SUCCESS | time=7ms
2023.05.10 12:42:02 INFO  ce[AYgFQNQjvxR_Do3c46Ca][o.s.c.t.s.ComputationStepExecutor] Detect file moves | status=SUCCESS | time=0ms
2023.05.10 12:42:02 INFO  ce[AYgFQNQjvxR_Do3c46Ca][o.s.c.t.s.ComputationStepExecutor] Detect file moves in Pull Request scope | status=SUCCESS | time=0ms
2023.05.10 12:42:02 INFO  ce[AYgFQNQjvxR_Do3c46Ca][o.s.c.t.s.ComputationStepExecutor] Load duplications | duplications=10 | status=SUCCESS | time=21ms
2023.05.10 12:42:02 INFO  ce[AYgFQNQjvxR_Do3c46Ca][o.s.c.t.s.ComputationStepExecutor] Compute cross project duplications | status=SUCCESS | time=0ms
2023.05.10 12:42:02 INFO  ce[AYgFQNQjvxR_Do3c46Ca][o.s.c.t.s.ComputationStepExecutor] Compute size measures | status=SUCCESS | time=35ms
2023.05.10 12:42:02 INFO  ce[AYgFQNQjvxR_Do3c46Ca][o.s.c.t.s.ComputationStepExecutor] Compute new coverage | status=SUCCESS | time=6ms
2023.05.10 12:42:02 INFO  ce[AYgFQNQjvxR_Do3c46Ca][o.s.c.t.s.ComputationStepExecutor] Compute coverage measures | status=SUCCESS | time=25ms
2023.05.10 12:42:02 INFO  ce[AYgFQNQjvxR_Do3c46Ca][o.s.c.t.s.ComputationStepExecutor] Compute comment measures | status=SUCCESS | time=4ms
2023.05.10 12:42:02 INFO  ce[AYgFQNQjvxR_Do3c46Ca][o.s.c.t.s.ComputationStepExecutor] Compute duplication measures | status=SUCCESS | time=3ms
2023.05.10 12:42:02 INFO  ce[AYgFQNQjvxR_Do3c46Ca][o.s.c.t.s.ComputationStepExecutor] Compute size measures on new code | status=SUCCESS | time=0ms
2023.05.10 12:42:02 INFO  ce[AYgFQNQjvxR_Do3c46Ca][o.s.c.t.s.ComputationStepExecutor] Compute language distribution | status=SUCCESS | time=24ms
2023.05.10 12:42:02 INFO  ce[AYgFQNQjvxR_Do3c46Ca][o.s.c.t.s.ComputationStepExecutor] Compute test measures | status=SUCCESS | time=1ms
2023.05.10 12:42:02 INFO  ce[AYgFQNQjvxR_Do3c46Ca][o.s.c.t.s.ComputationStepExecutor] Compute complexity measures | status=SUCCESS | time=2ms
2023.05.10 12:42:02 INFO  ce[AYgFQNQjvxR_Do3c46Ca][o.s.c.t.s.ComputationStepExecutor] Load measure computers | status=SUCCESS | time=5ms
2023.05.10 12:42:02 INFO  ce[AYgFQNQjvxR_Do3c46Ca][o.s.c.t.s.ComputationStepExecutor] Compute Quality Profile status | status=SUCCESS | time=6ms
2023.05.10 12:42:03 INFO  ce[AYgFQNQjvxR_Do3c46Ca][o.s.c.t.s.ComputationStepExecutor] Execute component visitors | status=SUCCESS | time=975ms
2023.05.10 12:42:03 INFO  ce[AYgFQNQjvxR_Do3c46Ca][o.s.c.t.s.ComputationStepExecutor] Checks executed after computation of measures | status=SUCCESS | time=0ms
2023.05.10 12:42:03 INFO  ce[AYgFQNQjvxR_Do3c46Ca][o.s.c.t.s.ComputationStepExecutor] Compute Quality Gate measures | status=SUCCESS | time=12ms
2023.05.10 12:42:03 INFO  ce[AYgFQNQjvxR_Do3c46Ca][o.s.c.t.s.ComputationStepExecutor] Compute Quality profile measures | status=SUCCESS | time=9ms
2023.05.10 12:42:03 INFO  ce[AYgFQNQjvxR_Do3c46Ca][o.s.c.t.s.ComputationStepExecutor] Generate Quality profile events | status=SUCCESS | time=2ms
2023.05.10 12:42:03 INFO  ce[AYgFQNQjvxR_Do3c46Ca][o.s.c.t.s.ComputationStepExecutor] Generate Quality gate events | status=SUCCESS | time=1ms
2023.05.10 12:42:03 INFO  ce[AYgFQNQjvxR_Do3c46Ca][o.s.c.t.s.ComputationStepExecutor] Check upgrade possibility for not analyzed code files. | status=SUCCESS | time=2ms
2023.05.10 12:42:03 INFO  ce[AYgFQNQjvxR_Do3c46Ca][o.s.c.t.s.ComputationStepExecutor] Persist scanner analysis cache | status=SUCCESS | time=15ms
2023.05.10 12:42:03 INFO  ce[AYgFQNQjvxR_Do3c46Ca][o.s.c.t.s.ComputationStepExecutor] Persist components | status=SUCCESS | time=40ms
2023.05.10 12:42:04 INFO  ce[AYgFQNQjvxR_Do3c46Ca][o.s.c.t.s.ComputationStepExecutor] Persist analysis | status=SUCCESS | time=8ms
2023.05.10 12:42:04 INFO  ce[AYgFQNQjvxR_Do3c46Ca][o.s.c.t.s.ComputationStepExecutor] Persist analysis properties | status=SUCCESS | time=10ms
2023.05.10 12:42:04 INFO  ce[AYgFQNQjvxR_Do3c46Ca][o.s.c.t.s.ComputationStepExecutor] Persist measures | inserts=51 | status=SUCCESS | time=25ms
2023.05.10 12:42:04 INFO  ce[AYgFQNQjvxR_Do3c46Ca][o.s.c.t.s.ComputationStepExecutor] Persist live measures | insertsOrUpdates=484 | status=SUCCESS | time=209ms
2023.05.10 12:42:04 INFO  ce[AYgFQNQjvxR_Do3c46Ca][o.s.c.t.s.ComputationStepExecutor] Persist duplication data | insertsOrUpdates=0 | status=SUCCESS | time=21ms
2023.05.10 12:42:04 INFO  ce[AYgFQNQjvxR_Do3c46Ca][o.s.c.t.s.ComputationStepExecutor] Persist new ad hoc Rules | status=SUCCESS | time=1ms
2023.05.10 12:42:04 INFO  ce[AYgFQNQjvxR_Do3c46Ca][o.s.c.t.s.ComputationStepExecutor] Persist issues | cacheSize=119.5 kB | inserts=227 | updates=0 | merged=0 | status=SUCCESS | time=333ms
2023.05.10 12:42:04 INFO  ce[AYgFQNQjvxR_Do3c46Ca][o.s.c.t.s.ComputationStepExecutor] Delete issue changes | changes=0 | status=SUCCESS | time=0ms
2023.05.10 12:42:04 INFO  ce[AYgFQNQjvxR_Do3c46Ca][o.s.c.t.s.ComputationStepExecutor] Persist project links | status=SUCCESS | time=48ms
2023.05.10 12:42:04 INFO  ce[AYgFQNQjvxR_Do3c46Ca][o.s.c.t.s.ComputationStepExecutor] Persist events | status=SUCCESS | time=16ms
2023.05.10 12:42:08 INFO  ce[AYgFQNQjvxR_Do3c46Ca][o.s.c.t.s.ComputationStepExecutor] Persist sources | status=SUCCESS | time=3332ms
2023.05.10 12:42:08 INFO  ce[AYgFQNQjvxR_Do3c46Ca][o.s.c.t.s.ComputationStepExecutor] Persist cross project duplications | status=SUCCESS | time=0ms
2023.05.10 12:42:08 INFO  ce[AYgFQNQjvxR_Do3c46Ca][o.s.c.t.s.ComputationStepExecutor] Enable analysis | status=SUCCESS | time=4ms
2023.05.10 12:42:08 INFO  ce[AYgFQNQjvxR_Do3c46Ca][o.s.c.t.s.ComputationStepExecutor] Update last usage date of quality profiles | status=SUCCESS | time=16ms
2023.05.10 12:42:08 INFO  ce[AYgFQNQjvxR_Do3c46Ca][o.s.c.t.s.ComputationStepExecutor] Purge db | status=SUCCESS | time=349ms
2023.05.10 12:42:11 INFO  ce[AYgFQNQjvxR_Do3c46Ca][o.s.c.t.s.ComputationStepExecutor] Index analysis | status=SUCCESS | time=2731ms
2023.05.10 12:42:11 INFO  ce[AYgFQNQjvxR_Do3c46Ca][o.s.c.t.s.ComputationStepExecutor] Update need issue sync for branch | status=SUCCESS | time=1ms
2023.05.10 12:42:11 INFO  ce[AYgFQNQjvxR_Do3c46Ca][o.s.c.t.s.ComputationStepExecutor] Compute total Project ncloc | status=SUCCESS | time=9ms
2023.05.10 12:42:11 INFO  ce[AYgFQNQjvxR_Do3c46Ca][o.s.c.t.s.ComputationStepExecutor] Publishing taint vulnerabilities events | status=SUCCESS | time=48ms
2023.05.10 12:42:11 INFO  ce[AYgFQNQjvxR_Do3c46Ca][o.s.c.t.s.ComputationStepExecutor] Send issue notifications | newIssuesNotifs=0 | newIssuesDeliveries=0 | myNewIssuesNotifs=0 | myNewIssuesDeliveries=0 | changesNotifs=0 | changesDeliveries=0 | status=SUCCESS | time=6ms
2023.05.10 12:42:11 INFO  ce[AYgFQNQjvxR_Do3c46Ca][o.s.c.t.s.ComputationStepExecutor] Publish task results | status=SUCCESS | time=1ms
2023.05.10 12:42:11 INFO  ce[AYgFQNQjvxR_Do3c46Ca][o.s.c.t.s.ComputationStepExecutor] Trigger refresh of Portfolios and Applications | status=SUCCESS | time=0ms
2023.05.10 12:42:11 INFO  ce[AYgFQNQjvxR_Do3c46Ca][o.s.c.t.p.a.p.PostProjectAnalysisTasksExecutor] Webhooks | globalWebhooks=0 | projectWebhooks=0 | status=SUCCESS | time=12ms
2023.05.10 12:42:11 INFO  ce[AYgFQNQjvxR_Do3c46Ca][o.s.c.t.CeWorkerImpl] Executed task | project=money | type=REPORT | id=AYgFQNQjvxR_Do3c46Ca | submitter=admin | status=SUCCESS | time=15550ms
2023.05.10 14:21:25 WARN  ce[][c.z.h.p.HikariPool] HikariPool-1 - Thread starvation or clock leap detected (housekeeper delta=1h19m11s307ms341µs700ns).
2023.05.10 18:03:31 WARN  ce[][c.z.h.p.HikariPool] HikariPool-1 - Thread starvation or clock leap detected (housekeeper delta=3h4m7s181ms62µs700ns).
2023.05.10 21:43:42 WARN  ce[][c.z.h.p.HikariPool] HikariPool-1 - Thread starvation or clock leap detected (housekeeper delta=2h28m9s567ms876µs600ns).
