2023.05.14 01:54:29 WARN  es[][o.e.t.ThreadPool] timer thread slept for [1h/3716373ms] on absolute clock which is above the warn threshold of [5000ms]
2023.05.14 01:54:30 WARN  es[][o.e.t.ThreadPool] timer thread slept for [1h/3716376370900ns] on relative clock which is above the warn threshold of [5000ms]
2023.05.14 01:54:29 WARN  es[][o.e.m.f.FsHealthService] health check of [D:\Users\loant\S4\TD\Eco-conception Web\sonarqube-10.0.0.68432\data\es8] took [3716376ms] which is above the warn threshold of [5s]
2023.05.14 04:54:31 WARN  es[][o.e.t.ThreadPool] timer thread slept for [3h/10800506ms] on absolute clock which is above the warn threshold of [5000ms]
2023.05.14 04:54:31 WARN  es[][o.e.t.ThreadPool] timer thread slept for [3h/10800509950200ns] on relative clock which is above the warn threshold of [5000ms]
2023.05.14 10:49:24 WARN  es[][o.e.t.ThreadPool] timer thread slept for [5.9h/21290175ms] on absolute clock which is above the warn threshold of [5000ms]
2023.05.14 10:49:24 WARN  es[][o.e.t.ThreadPool] timer thread slept for [5.9h/21291694207000ns] on relative clock which is above the warn threshold of [5000ms]
2023.05.14 14:51:11 WARN  es[][o.e.t.ThreadPool] timer thread slept for [3h/10800289ms] on absolute clock which is above the warn threshold of [5000ms]
2023.05.14 14:51:11 WARN  es[][o.e.t.ThreadPool] timer thread slept for [3h/10800292774600ns] on relative clock which is above the warn threshold of [5000ms]
2023.05.14 16:26:40 WARN  es[][o.e.t.ThreadPool] timer thread slept for [1.5h/5727605ms] on absolute clock which is above the warn threshold of [5000ms]
2023.05.14 16:26:40 WARN  es[][o.e.t.ThreadPool] timer thread slept for [1.5h/5729186589100ns] on relative clock which is above the warn threshold of [5000ms]
2023.05.14 17:44:31 WARN  es[][o.e.t.ThreadPool] timer thread slept for [2.2m/135411ms] on absolute clock which is above the warn threshold of [5000ms]
2023.05.14 17:44:31 WARN  es[][o.e.t.ThreadPool] timer thread slept for [2.2m/135414939600ns] on relative clock which is above the warn threshold of [5000ms]
2023.05.14 20:10:03 WARN  es[][o.e.t.ThreadPool] timer thread slept for [2.4h/8730623ms] on absolute clock which is above the warn threshold of [5000ms]
2023.05.14 20:10:03 WARN  es[][o.e.t.ThreadPool] timer thread slept for [2.4h/8730627992100ns] on relative clock which is above the warn threshold of [5000ms]
2023.05.14 20:52:30 WARN  es[][o.e.t.ThreadPool] timer thread slept for [1.4m/87783ms] on absolute clock which is above the warn threshold of [5000ms]
2023.05.14 20:52:31 WARN  es[][o.e.t.ThreadPool] timer thread slept for [1.4m/87787283200ns] on relative clock which is above the warn threshold of [5000ms]
2023.05.14 20:56:07 WARN  es[][o.e.t.ThreadPool] timer thread slept for [3.5m/215593ms] on absolute clock which is above the warn threshold of [5000ms]
2023.05.14 20:56:07 WARN  es[][o.e.t.ThreadPool] timer thread slept for [3.5m/215597472300ns] on relative clock which is above the warn threshold of [5000ms]
2023.05.14 21:12:58 WARN  es[][o.e.t.ThreadPool] timer thread slept for [53.6s/53635ms] on absolute clock which is above the warn threshold of [5000ms]
2023.05.14 21:12:58 WARN  es[][o.e.t.ThreadPool] timer thread slept for [53.6s/53638828900ns] on relative clock which is above the warn threshold of [5000ms]
2023.05.14 21:12:59 WARN  es[][o.e.t.ThreadPool] execution of [ReschedulingRunnable{runnable=org.elasticsearch.monitor.jvm.JvmGcMonitorService$1@6f04dae6, interval=1s}] took [53638ms] which is above the warn threshold of [5000ms]
2023.05.14 21:57:30 WARN  es[][o.e.m.f.FsHealthService] health check of [D:\Users\loant\S4\TD\Eco-conception Web\sonarqube-10.0.0.68432\data\es8] took [1496925ms] which is above the warn threshold of [5s]
2023.05.14 21:57:29 WARN  es[][o.e.t.ThreadPool] timer thread slept for [24.9m/1496920ms] on absolute clock which is above the warn threshold of [5000ms]
2023.05.14 21:57:30 WARN  es[][o.e.t.ThreadPool] timer thread slept for [24.9m/1496924842500ns] on relative clock which is above the warn threshold of [5000ms]
2023.05.14 22:08:11 WARN  es[][o.e.t.ThreadPool] absolute clock went backwards by [2.4s/2461ms] while timer thread was sleeping
2023.05.14 22:46:30 WARN  es[][o.e.t.ThreadPool] timer thread slept for [17.1m/1028401ms] on absolute clock which is above the warn threshold of [5000ms]
2023.05.14 22:46:30 WARN  es[][o.e.t.ThreadPool] timer thread slept for [17.1m/1028404626800ns] on relative clock which is above the warn threshold of [5000ms]
2023.05.14 23:47:31 WARN  es[][o.e.t.ThreadPool] timer thread slept for [30.5m/1831406ms] on absolute clock which is above the warn threshold of [5000ms]
2023.05.14 23:47:31 WARN  es[][o.e.t.ThreadPool] timer thread slept for [30.5m/1831410273800ns] on relative clock which is above the warn threshold of [5000ms]
