2023.05.10 12:20:23 INFO  web[][o.s.p.ProcessEntryPoint] Starting Web Server
2023.05.10 12:20:25 INFO  web[][o.s.s.p.LogServerVersion] SonarQube Server / 10.0.0.68432 / 75dae6a655f49ac78b0a786f6c19b15085561af9
2023.05.10 12:20:26 INFO  web[][o.s.s.p.d.EmbeddedDatabase] Starting embedded database on port 9092 with url jdbc:h2:tcp://127.0.0.1:9092/sonar;NON_KEYWORDS=VALUE
2023.05.10 12:20:26 INFO  web[][o.s.s.p.d.EmbeddedDatabase] Embedded database started. Data stored in: D:\Users\loant\S4\TD\Eco-conception Web\sonarqube-10.0.0.68432\data
2023.05.10 12:20:26 INFO  web[][o.sonar.db.Database] Create JDBC data source for jdbc:h2:tcp://127.0.0.1:9092/sonar;NON_KEYWORDS=VALUE
2023.05.10 12:20:26 INFO  web[][c.z.h.HikariDataSource] HikariPool-1 - Starting...
2023.05.10 12:20:26 INFO  web[][c.z.h.p.HikariPool] HikariPool-1 - Added connection conn2: url=jdbc:h2:tcp://127.0.0.1:9092/sonar user=
2023.05.10 12:20:26 INFO  web[][c.z.h.HikariDataSource] HikariPool-1 - Start completed.
2023.05.10 12:20:26 WARN  web[][o.s.db.dialect.H2] H2 database should be used for evaluation purpose only.
2023.05.10 12:20:28 INFO  web[][o.s.s.p.ServerFileSystemImpl] SonarQube home: D:\Users\loant\S4\TD\Eco-conception Web\sonarqube-10.0.0.68432
2023.05.10 12:20:28 INFO  web[][o.s.s.u.SystemPasscodeImpl] System authentication by passcode is disabled
2023.05.10 12:20:29 INFO  web[][o.s.s.p.ServerPluginManager] Deploy C# Code Quality and Security / 8.55.0.65544 / 4605cba422c91e5cceed45acd828ed3a59de9c4f
2023.05.10 12:20:29 INFO  web[][o.s.s.p.ServerPluginManager] Deploy Configuration detection fot Code Quality and Security / 1.2.0.267 / 4f37ba9ffb37a96d5883e52ad392ed32c5c6eaab
2023.05.10 12:20:29 INFO  web[][o.s.s.p.ServerPluginManager] Deploy Flex Code Quality and Security / 2.8.0.3166 / 01f66bdddc678966c81a9064ed139156a6a89c97
2023.05.10 12:20:29 INFO  web[][o.s.s.p.ServerPluginManager] Deploy Go Code Quality and Security / 1.12.0.4259 / 06ef2d2a9be88686d62673ee8b01b2e15df73f29
2023.05.10 12:20:29 INFO  web[][o.s.s.p.ServerPluginManager] Deploy HTML Code Quality and Security / 3.7.1.3306 / d720acc6860c6d8b69ec4d17570a398a1e216da1
2023.05.10 12:20:29 INFO  web[][o.s.s.p.ServerPluginManager] Deploy IaC Code Quality and Security / 1.15.0.3752 / 74263d696caa730771bab5bb9e91281aa8cf056e
2023.05.10 12:20:29 INFO  web[][o.s.s.p.ServerPluginManager] Deploy JaCoCo / 1.3.0.1538 / 74a7798c7cea687c72ed9df40c93eb7ea2a58c49
2023.05.10 12:20:29 INFO  web[][o.s.s.p.ServerPluginManager] Deploy Java Code Quality and Security / 7.17.0.31219 / ef8feb77b48adf8d590484f0526729ced496e921
2023.05.10 12:20:29 INFO  web[][o.s.s.p.ServerPluginManager] Deploy JavaScript/TypeScript/CSS Code Quality and Security / 10.1.0.21143 / 5e1c02be16c9090ab819c13f8e32b0048a7eafe7
2023.05.10 12:20:29 INFO  web[][o.s.s.p.ServerPluginManager] Deploy Kotlin Code Quality and Security / 2.13.0.2116 / 98cf12b05e770d5805ac50cd08792cede7447e3c
2023.05.10 12:20:29 INFO  web[][o.s.s.p.ServerPluginManager] Deploy PHP Code Quality and Security / 3.28.0.9490 / 4e7d15956b7b6fd26daa2d73eb515be50d8e2c81
2023.05.10 12:20:29 INFO  web[][o.s.s.p.ServerPluginManager] Deploy Python Code Quality and Security / 4.1.0.11333 / 50b9bb959fb9cd6ecc2cae0251a2f99a7eb89dfb
2023.05.10 12:20:29 INFO  web[][o.s.s.p.ServerPluginManager] Deploy Ruby Code Quality and Security / 1.12.0.4259 / 06ef2d2a9be88686d62673ee8b01b2e15df73f29
2023.05.10 12:20:29 INFO  web[][o.s.s.p.ServerPluginManager] Deploy Scala Code Quality and Security / 1.12.0.4259 / 06ef2d2a9be88686d62673ee8b01b2e15df73f29
2023.05.10 12:20:29 INFO  web[][o.s.s.p.ServerPluginManager] Deploy Text Code Quality and Security / 2.0.2.1090 / 7eb026363b98f5f98b43c603772b5177869c2c6a
2023.05.10 12:20:29 INFO  web[][o.s.s.p.ServerPluginManager] Deploy VB.NET Code Quality and Security / 8.55.0.65544 / 4605cba422c91e5cceed45acd828ed3a59de9c4f
2023.05.10 12:20:29 INFO  web[][o.s.s.p.ServerPluginManager] Deploy XML Code Quality and Security / 2.7.0.3820 / 656bccc1910d50c8984536bd2dfd917066b858e6
2023.05.10 12:20:33 INFO  web[][o.s.s.e.EsClientProvider] Connected to local Elasticsearch: [http://127.0.0.1:9001]
2023.05.10 12:20:34 WARN  web[][o.s.a.s.w.WebService$Action] Description is not set on action api/monitoring/metrics
2023.05.10 12:20:34 WARN  web[][o.s.a.s.w.WebService$Action] Since is not set on action api/monitoring/metrics
2023.05.10 12:20:34 WARN  web[][o.s.a.s.w.WebService$Action] The response example is not set on action api/monitoring/metrics
2023.05.10 12:20:34 WARN  web[][o.s.a.s.w.WebService$Action] The response example is not set on action api/system/liveness
2023.05.10 12:20:34 INFO  web[][o.s.s.p.w.MasterServletFilter] Initializing servlet filter org.sonar.server.platform.web.WebServiceFilter@9263c54 [pattern=UrlPattern{inclusions=[/api/system/migrate_db.*, ...], exclusions=[/api/components/update_key, ...]}]
2023.05.10 12:20:34 INFO  web[][o.s.s.p.DetectPluginChange] Detect plugin changes
2023.05.10 12:20:34 INFO  web[][o.s.w.s.DispatcherServlet] Initializing Servlet 'app'
2023.05.10 12:20:34 INFO  web[][o.s.s.p.DetectPluginChange] No plugin change detected
2023.05.10 12:20:37 INFO  web[][o.s.s.s.LogServerId] Server ID: 147B411E-AYgFCWW0PUodnGDyjXPF
2023.05.10 12:20:37 WARN  web[][o.s.s.a.LogOAuthWarning] For security reasons, OAuth authentication should use HTTPS. You should set the property 'Administration > Configuration > Server base URL' to a HTTPS URL.
2023.05.10 12:20:37 INFO  web[][o.s.s.p.UpdateCenterClient] Update center: https://update.sonarsource.org/update-center.properties (no proxy)
2023.05.10 12:20:38 INFO  web[][o.s.w.s.DispatcherServlet] Completed initialization in 4140 ms
2023.05.10 12:20:38 INFO  web[][o.s.s.a.EmbeddedTomcat] HTTP connector enabled on port 9000
2023.05.10 12:20:39 WARN  web[][o.s.a.s.w.WebService$Action] The response example is not set on action saml/validation_init
2023.05.10 12:20:39 WARN  web[][o.s.a.s.w.WebService$Action] The response example is not set on action api/system/liveness
2023.05.10 12:20:39 WARN  web[][o.s.a.s.w.WebService$Action] The response example is not set on action api/plugins/download
2023.05.10 12:20:39 WARN  web[][o.s.a.s.w.WebService$Action] The response example is not set on action api/analysis_cache/get
2023.05.10 12:20:39 WARN  web[][o.s.a.s.w.WebService$Action] The response example is not set on action api/alm_integrations/check_pat
2023.05.10 12:20:39 WARN  web[][o.s.a.s.w.WebService$Action] The response example is not set on action api/push/sonarlint_events
2023.05.10 12:20:39 INFO  web[][o.s.s.a.p.ExpiredSessionsCleaner] Purge of expired session tokens has removed 0 elements
2023.05.10 12:20:39 INFO  web[][o.s.s.a.p.ExpiredSessionsCleaner] Purge of expired SAML message ids has removed 0 elements
2023.05.10 12:20:39 INFO  web[][o.s.s.n.NotificationDaemon] Notification service started (delay 60 sec.)
2023.05.10 12:20:39 INFO  web[][o.s.s.t.TelemetryDaemon] Sharing of SonarQube statistics is enabled.
2023.05.10 12:20:39 INFO  web[][o.s.w.s.DispatcherServlet] Initializing Servlet 'app'
2023.05.10 12:20:41 INFO  web[][o.s.w.s.DispatcherServlet] Completed initialization in 1304 ms
2023.05.10 12:20:41 INFO  web[][o.s.s.s.GeneratePluginIndex] Generate scanner plugin index
2023.05.10 12:20:41 INFO  web[][o.s.s.s.RegisterPermissionTemplates] Register permission templates
2023.05.10 12:20:41 INFO  web[][o.s.s.s.RenameDeprecatedPropertyKeys] Rename deprecated property keys
2023.05.10 12:20:41 INFO  web[][o.s.s.s.RegisterPlugins] Register plugins
2023.05.10 12:20:41 INFO  web[][o.s.s.p.w.MasterServletFilter] Initializing servlet filter org.sonar.server.platform.web.SonarLintConnectionFilter@579bc00a [pattern=UrlPattern{inclusions=[/api/*], exclusions=[/api/v2/*]}]
2023.05.10 12:20:41 INFO  web[][o.s.s.p.w.MasterServletFilter] Initializing servlet filter org.sonar.server.platform.web.WebServiceFilter@57aeaeb0 [pattern=UrlPattern{inclusions=[/api/issues/delete_comment.*, ...], exclusions=[/api/authentication/login.*, ...]}]
2023.05.10 12:20:41 INFO  web[][o.s.s.p.w.MasterServletFilter] Initializing servlet filter org.sonar.server.platform.web.WebServiceReroutingFilter@684e997b [pattern=UrlPattern{inclusions=[/api/components/bulk_update_key, ...], exclusions=[]}]
2023.05.10 12:20:41 INFO  web[][o.s.s.p.w.MasterServletFilter] Initializing servlet filter org.sonar.server.authentication.DefaultAdminCredentialsVerifierFilter@277cfac4 [pattern=UrlPattern{inclusions=[/*], exclusions=[*.css, ...]}]
2023.05.10 12:20:41 INFO  web[][o.s.s.p.w.MasterServletFilter] Initializing servlet filter org.sonar.server.authentication.InitFilter@2eeef5b1 [pattern=UrlPattern{inclusions=[/sessions/init/*], exclusions=[]}]
2023.05.10 12:20:41 INFO  web[][o.s.s.p.w.MasterServletFilter] Initializing servlet filter org.sonar.server.authentication.SamlValidationRedirectionFilter@c9705f2 [pattern=UrlPattern{inclusions=[/oauth2/callback/saml], exclusions=[]}]
2023.05.10 12:20:41 INFO  web[][o.s.s.p.w.MasterServletFilter] Initializing servlet filter org.sonar.server.authentication.OAuth2CallbackFilter@108ed05a [pattern=UrlPattern{inclusions=[/oauth2/callback/*], exclusions=[]}]
2023.05.10 12:20:41 INFO  web[][o.s.s.p.w.MasterServletFilter] Initializing servlet filter org.sonar.server.authentication.ResetPasswordFilter@50e4a255 [pattern=UrlPattern{inclusions=[/*], exclusions=[*.css, ...]}]
2023.05.10 12:20:41 INFO  web[][o.s.s.p.w.MasterServletFilter] Initializing servlet filter org.sonar.server.authentication.ws.LoginAction@2d1eaac [pattern=UrlPattern{inclusions=[/api/authentication/login], exclusions=[]}]
2023.05.10 12:20:41 INFO  web[][o.s.s.p.w.MasterServletFilter] Initializing servlet filter org.sonar.server.authentication.ws.LogoutAction@3b0534c5 [pattern=UrlPattern{inclusions=[/api/authentication/logout], exclusions=[]}]
2023.05.10 12:20:41 INFO  web[][o.s.s.p.w.MasterServletFilter] Initializing servlet filter org.sonar.server.authentication.ws.ValidateAction@58a06abf [pattern=UrlPattern{inclusions=[/api/authentication/validate], exclusions=[]}]
2023.05.10 12:20:41 INFO  web[][o.s.s.p.w.MasterServletFilter] Initializing servlet filter org.sonar.server.saml.ws.ValidationInitAction@7897c317 [pattern=UrlPattern{inclusions=[/saml/validation_init], exclusions=[]}]
2023.05.10 12:20:41 INFO  web[][o.s.s.p.w.MasterServletFilter] Initializing servlet filter org.sonar.server.saml.ws.ValidationAction@3ea8ef97 [pattern=UrlPattern{inclusions=[/saml/validation], exclusions=[]}]
2023.05.10 12:20:41 INFO  web[][o.s.s.p.w.MasterServletFilter] Initializing servlet filter org.sonar.server.user.ws.ChangePasswordAction@9fe8685 [pattern=UrlPattern{inclusions=[/api/users/change_password], exclusions=[]}]
2023.05.10 12:20:41 INFO  web[][o.s.s.p.w.MasterServletFilter] Initializing servlet filter org.sonar.server.plugins.PluginsRiskConsentFilter@3d72badd [pattern=UrlPattern{inclusions=[/*], exclusions=[*.css, ...]}]
2023.05.10 12:20:41 INFO  web[][o.s.s.q.ProjectsInWarningDaemon] Counting number of projects in warning is not started as there are no projects in this situation.
2023.05.10 12:20:41 INFO  web[][o.s.s.p.p.PlatformLevelStartup] Running Community Edition
2023.05.10 12:20:42 INFO  web[][o.s.s.p.Platform] Web Server is operational
2023.05.10 14:21:38 WARN  web[][c.z.h.p.HikariPool] HikariPool-1 - Thread starvation or clock leap detected (housekeeper delta=1h19m11s314ms453µs400ns).
2023.05.10 18:03:32 WARN  web[][c.z.h.p.HikariPool] HikariPool-1 - Thread starvation or clock leap detected (housekeeper delta=3h3m54s945ms915µs300ns).
2023.05.10 21:43:40 WARN  web[][c.z.h.p.HikariPool] HikariPool-1 - Thread starvation or clock leap detected (housekeeper delta=2h28m6s585ms279µs200ns).
